<?xml version="1.0" encoding="UTF-8"?>
<!-- Generated by org.testng.reporters.JUnitXMLReporter -->
<testsuite ignored="0" hostname="DESKTOP-OP234B8" failures="1" tests="2" name="Create LEad" time="43.138" errors="0" timestamp="2024-04-13T19:53:11 EDT">
  <testcase classname="Week6.day1.CreateLead" name="runCreateLead" time="7.965">
    <skipped/>
  </testcase> <!-- runCreateLead -->
  <testcase classname="Week6.day1.CreateLead" name="runCreateLead" time="8.454">
    <failure type="java.lang.AssertionError" message="The following asserts failed:
	expected [My Home | opentaps ] but found [My Home | opentaps CRM]">
      <![CDATA[java.lang.AssertionError: The following asserts failed:
expected [My Home | opentaps ] but found [My Home | opentaps CRM]
at Week6.day1.CreateLead.runCreateLead(CreateLead.java:34)
at java.base/java.util.ArrayList.forEach(ArrayList.java:1597)
... Removed 27 stack frames]]>
    </failure>
  </testcase> <!-- runCreateLead -->
</testsuite> <!-- Create LEad -->
